# JRE version: Java(TM) SE Runtime Environment (17.0.3.1+2) (build 17.0.3.1+2-LTS-6)
# Java VM: Java HotSpot(TM) 64-Bit Server VM (17.0.3.1+2-LTS-6, mixed mode, sharing, tiered, compressed oops, compressed class ptrs, g1 gc, windows-amd64)
GC Precious Log:
 CPUs: 4 total, 4 available
 Memory: 7987M
 Large Page Support: Disabled
 NUMA Support: Disabled
 Compressed Oops: Enabled (32-bit)
 Heap Region Size: 1M
 Heap Min Capacity: 8M
 Heap Initial Capacity: 126M
 Heap Max Capacity: 1998M
 Pre-touch: Disabled
 Parallel Workers: 4
 Concurrent Workers: 1
 Concurrent Refinement Workers: 4
 Periodic GC: Disabled
Heap:
 garbage-first heap   total 51200K, used 29529K [0x0000000083200000, 0x0000000100000000)
  region size 1024K, 7 young (7168K), 2 survivors (2048K)
 Metaspace       used 57117K, committed 57600K, reserved 1105920K
  class space    used 7795K, committed 8000K, reserved 1048576K
GC Heap History (20 events):
Event: 10.250 GC heap before
{Heap before GC invocations=6 (full 0):
 garbage-first heap   total 51200K, used 35378K [0x0000000083200000, 0x0000000100000000)
  region size 1024K, 22 young (22528K), 2 survivors (2048K)
 Metaspace       used 26531K, committed 26880K, reserved 1073152K
  class space    used 3348K, committed 3520K, reserved 1048576K
}
Event: 10.265 GC heap after
{Heap after GC invocations=7 (full 0):
 garbage-first heap   total 51200K, used 16872K [0x0000000083200000, 0x0000000100000000)
  region size 1024K, 2 young (2048K), 2 survivors (2048K)
 Metaspace       used 26531K, committed 26880K, reserved 1073152K
  class space    used 3348K, committed 3520K, reserved 1048576K
}
Event: 12.326 GC heap before
{Heap before GC invocations=7 (full 0):
 garbage-first heap   total 51200K, used 37352K [0x0000000083200000, 0x0000000100000000)
  region size 1024K, 22 young (22528K), 2 survivors (2048K)
 Metaspace       used 30699K, committed 31168K, reserved 1081344K
  class space    used 3894K, committed 4096K, reserved 1048576K
}
Event: 12.344 GC heap after
{Heap after GC invocations=8 (full 0):
 garbage-first heap   total 51200K, used 18583K [0x0000000083200000, 0x0000000100000000)
  region size 1024K, 2 young (2048K), 2 survivors (2048K)
 Metaspace       used 30699K, committed 31168K, reserved 1081344K
  class space    used 3894K, committed 4096K, reserved 1048576K
}
Event: 14.226 GC heap before
{Heap before GC invocations=8 (full 0):
 garbage-first heap   total 51200K, used 38039K [0x0000000083200000, 0x0000000100000000)
  region size 1024K, 21 young (21504K), 2 survivors (2048K)
 Metaspace       used 33265K, committed 33728K, reserved 1081344K
  class space    used 4192K, committed 4416K, reserved 1048576K
}
Event: 14.240 GC heap after
{Heap after GC invocations=9 (full 0):
 garbage-first heap   total 51200K, used 19804K [0x0000000083200000, 0x0000000100000000)
  region size 1024K, 3 young (3072K), 3 survivors (3072K)
 Metaspace       used 33265K, committed 33728K, reserved 1081344K
  class space    used 4192K, committed 4416K, reserved 1048576K
}
Event: 17.769 GC heap before
{Heap before GC invocations=9 (full 0):
 garbage-first heap   total 51200K, used 38236K [0x0000000083200000, 0x0000000100000000)
  region size 1024K, 21 young (21504K), 3 survivors (3072K)
 Metaspace       used 34405K, committed 34880K, reserved 1081344K
  class space    used 4388K, committed 4608K, reserved 1048576K
}
Event: 17.777 GC heap after
{Heap after GC invocations=10 (full 0):
 garbage-first heap   total 51200K, used 21072K [0x0000000083200000, 0x0000000100000000)
  region size 1024K, 3 young (3072K), 3 survivors (3072K)
 Metaspace       used 34405K, committed 34880K, reserved 1081344K
  class space    used 4388K, committed 4608K, reserved 1048576K
}
Event: 18.668 GC heap before
{Heap before GC invocations=10 (full 0):
 garbage-first heap   total 51200K, used 25168K [0x0000000083200000, 0x0000000100000000)
  region size 1024K, 8 young (8192K), 3 survivors (3072K)
 Metaspace       used 35572K, committed 35968K, reserved 1081344K
  class space    used 4542K, committed 4736K, reserved 1048576K
}
Event: 18.676 GC heap after
{Heap after GC invocations=11 (full 0):
 garbage-first heap   total 51200K, used 21509K [0x0000000083200000, 0x0000000100000000)
  region size 1024K, 2 young (2048K), 2 survivors (2048K)
 Metaspace       used 35572K, committed 35968K, reserved 1081344K
  class space    used 4542K, committed 4736K, reserved 1048576K
}
Event: 21.048 GC heap before
{Heap before GC invocations=12 (full 0):
 garbage-first heap   total 51200K, used 39941K [0x0000000083200000, 0x0000000100000000)
  region size 1024K, 20 young (20480K), 2 survivors (2048K)
 Metaspace       used 40333K, committed 40768K, reserved 1089536K
  class space    used 5145K, committed 5376K, reserved 1048576K
}
Event: 21.056 GC heap after
{Heap after GC invocations=13 (full 0):
 garbage-first heap   total 51200K, used 22201K [0x0000000083200000, 0x0000000100000000)
  region size 1024K, 3 young (3072K), 3 survivors (3072K)
 Metaspace       used 40333K, committed 40768K, reserved 1089536K
  class space    used 5145K, committed 5376K, reserved 1048576K
}
Event: 22.239 GC heap before
{Heap before GC invocations=14 (full 0):
 garbage-first heap   total 51200K, used 38585K [0x0000000083200000, 0x0000000100000000)
  region size 1024K, 20 young (20480K), 3 survivors (3072K)
 Metaspace       used 44027K, committed 44480K, reserved 1089536K
  class space    used 5734K, committed 5952K, reserved 1048576K
}
Event: 22.246 GC heap after
{Heap after GC invocations=15 (full 0):
 garbage-first heap   total 51200K, used 23588K [0x0000000083200000, 0x0000000100000000)
  region size 1024K, 3 young (3072K), 3 survivors (3072K)
 Metaspace       used 44027K, committed 44480K, reserved 1089536K
  class space    used 5734K, committed 5952K, reserved 1048576K
}
Event: 23.306 GC heap before
{Heap before GC invocations=15 (full 0):
 garbage-first heap   total 51200K, used 39972K [0x0000000083200000, 0x0000000100000000)
  region size 1024K, 20 young (20480K), 3 survivors (3072K)
 Metaspace       used 48006K, committed 48448K, reserved 1097728K
  class space    used 6266K, committed 6464K, reserved 1048576K
}
Event: 23.312 GC heap after
{Heap after GC invocations=16 (full 0):
 garbage-first heap   total 51200K, used 24143K [0x0000000083200000, 0x0000000100000000)
  region size 1024K, 2 young (2048K), 2 survivors (2048K)
 Metaspace       used 48006K, committed 48448K, reserved 1097728K
  class space    used 6266K, committed 6464K, reserved 1048576K
}
Event: 24.097 GC heap before
{Heap before GC invocations=16 (full 0):
 garbage-first heap   total 51200K, used 39503K [0x0000000083200000, 0x0000000100000000)
  region size 1024K, 18 young (18432K), 2 survivors (2048K)
 Metaspace       used 53164K, committed 53632K, reserved 1097728K
  class space    used 7103K, committed 7296K, reserved 1048576K
}
Event: 24.103 GC heap after
{Heap after GC invocations=17 (full 0):
 garbage-first heap   total 51200K, used 25046K [0x0000000083200000, 0x0000000100000000)
  region size 1024K, 2 young (2048K), 2 survivors (2048K)
 Metaspace       used 53164K, committed 53632K, reserved 1097728K
  class space    used 7103K, committed 7296K, reserved 1048576K
}
Event: 25.220 GC heap before
{Heap before GC invocations=18 (full 0):
 garbage-first heap   total 51200K, used 41430K [0x0000000083200000, 0x0000000100000000)
  region size 1024K, 18 young (18432K), 2 survivors (2048K)
 Metaspace       used 56324K, committed 56832K, reserved 1105920K
  class space    used 7657K, committed 7872K, reserved 1048576K
}
Event: 25.225 GC heap after
{Heap after GC invocations=19 (full 0):
 garbage-first heap   total 51200K, used 25433K [0x0000000083200000, 0x0000000100000000)
  region size 1024K, 2 young (2048K), 2 survivors (2048K)
 Metaspace       used 56324K, committed 56832K, reserved 1105920K
  class space    used 7657K, committed 7872K, reserved 1048576K
}

